# JRE version: OpenJDK Runtime Environment Temurin-17.0.3+7 (17.0.3+7) (build 17.0.3+7)
# Java VM: OpenJDK 64-Bit Server VM Temurin-17.0.3+7 (17.0.3+7, mixed mode, tiered, compressed oops, compressed class ptrs, g1 gc, windows-amd64)
GC Precious Log:
 CPUs: 8 total, 8 available
 Memory: 16122M
 Large Page Support: Disabled
 NUMA Support: Disabled
 Compressed Oops: Enabled (32-bit)
 Heap Region Size: 1M
 Heap Min Capacity: 512M
 Heap Initial Capacity: 512M
 Heap Max Capacity: 2G
 Pre-touch: Disabled
 Parallel Workers: 8
 Concurrent Workers: 2
 Concurrent Refinement Workers: 8
 Periodic GC: Disabled
Heap:
 garbage-first heap   total 524288K, used 141248K [0x0000000080000000, 0x0000000100000000)
  region size 1024K, 83 young (84992K), 0 survivors (0K)
 Metaspace       used 42036K, committed 42240K, reserved 1089536K
  class space    used 4700K, committed 4800K, reserved 1048576K
GC Heap History (20 events):
Event: 3582.215 GC heap before
{Heap before GC invocations=204 (full 0):
 garbage-first heap   total 524288K, used 390565K [0x0000000080000000, 0x0000000100000000)
  region size 1024K, 307 young (314368K), 2 survivors (2048K)
 Metaspace       used 41958K, committed 42176K, reserved 1089536K
  class space    used 4697K, committed 4800K, reserved 1048576K
}
Event: 3582.217 GC heap after
{Heap after GC invocations=205 (full 0):
 garbage-first heap   total 524288K, used 79324K [0x0000000080000000, 0x0000000100000000)
  region size 1024K, 2 young (2048K), 2 survivors (2048K)
 Metaspace       used 41958K, committed 42176K, reserved 1089536K
  class space    used 4697K, committed 4800K, reserved 1048576K
}
Event: 3586.313 GC heap before
{Heap before GC invocations=205 (full 0):
 garbage-first heap   total 524288K, used 390620K [0x0000000080000000, 0x0000000100000000)
  region size 1024K, 307 young (314368K), 2 survivors (2048K)
 Metaspace       used 41963K, committed 42176K, reserved 1089536K
  class space    used 4698K, committed 4800K, reserved 1048576K
}
Event: 3586.314 GC heap after
{Heap after GC invocations=206 (full 0):
 garbage-first heap   total 524288K, used 79571K [0x0000000080000000, 0x0000000100000000)
  region size 1024K, 2 young (2048K), 2 survivors (2048K)
 Metaspace       used 41963K, committed 42176K, reserved 1089536K
  class space    used 4698K, committed 4800K, reserved 1048576K
}
Event: 3589.979 GC heap before
{Heap before GC invocations=206 (full 0):
 garbage-first heap   total 524288K, used 390867K [0x0000000080000000, 0x0000000100000000)
  region size 1024K, 307 young (314368K), 2 survivors (2048K)
 Metaspace       used 41963K, committed 42176K, reserved 1089536K
  class space    used 4698K, committed 4800K, reserved 1048576K
}
Event: 3589.981 GC heap after
{Heap after GC invocations=207 (full 0):
 garbage-first heap   total 524288K, used 79569K [0x0000000080000000, 0x0000000100000000)
  region size 1024K, 2 young (2048K), 2 survivors (2048K)
 Metaspace       used 41963K, committed 42176K, reserved 1089536K
  class space    used 4698K, committed 4800K, reserved 1048576K
}
Event: 3593.446 GC heap before
{Heap before GC invocations=207 (full 0):
 garbage-first heap   total 524288K, used 390865K [0x0000000080000000, 0x0000000100000000)
  region size 1024K, 307 young (314368K), 2 survivors (2048K)
 Metaspace       used 41963K, committed 42176K, reserved 1089536K
  class space    used 4698K, committed 4800K, reserved 1048576K
}
Event: 3593.447 GC heap after
{Heap after GC invocations=208 (full 0):
 garbage-first heap   total 524288K, used 79566K [0x0000000080000000, 0x0000000100000000)
  region size 1024K, 2 young (2048K), 2 survivors (2048K)
 Metaspace       used 41963K, committed 42176K, reserved 1089536K
  class space    used 4698K, committed 4800K, reserved 1048576K
}
Event: 3597.073 GC heap before
{Heap before GC invocations=208 (full 0):
 garbage-first heap   total 524288K, used 390862K [0x0000000080000000, 0x0000000100000000)
  region size 1024K, 307 young (314368K), 2 survivors (2048K)
 Metaspace       used 41963K, committed 42176K, reserved 1089536K
  class space    used 4698K, committed 4800K, reserved 1048576K
}
Event: 3597.075 GC heap after
{Heap after GC invocations=209 (full 0):
 garbage-first heap   total 524288K, used 79822K [0x0000000080000000, 0x0000000100000000)
  region size 1024K, 2 young (2048K), 2 survivors (2048K)
 Metaspace       used 41963K, committed 42176K, reserved 1089536K
  class space    used 4698K, committed 4800K, reserved 1048576K
}
Event: 3600.658 GC heap before
{Heap before GC invocations=209 (full 0):
 garbage-first heap   total 524288K, used 391118K [0x0000000080000000, 0x0000000100000000)
  region size 1024K, 307 young (314368K), 2 survivors (2048K)
 Metaspace       used 41963K, committed 42176K, reserved 1089536K
  class space    used 4698K, committed 4800K, reserved 1048576K
}
Event: 3600.659 GC heap after
{Heap after GC invocations=210 (full 0):
 garbage-first heap   total 524288K, used 79612K [0x0000000080000000, 0x0000000100000000)
  region size 1024K, 2 young (2048K), 2 survivors (2048K)
 Metaspace       used 41963K, committed 42176K, reserved 1089536K
  class space    used 4698K, committed 4800K, reserved 1048576K
}
Event: 3604.316 GC heap before
{Heap before GC invocations=210 (full 0):
 garbage-first heap   total 524288K, used 390908K [0x0000000080000000, 0x0000000100000000)
  region size 1024K, 307 young (314368K), 2 survivors (2048K)
 Metaspace       used 41963K, committed 42176K, reserved 1089536K
  class space    used 4698K, committed 4800K, reserved 1048576K
}
Event: 3604.318 GC heap after
{Heap after GC invocations=211 (full 0):
 garbage-first heap   total 524288K, used 79689K [0x0000000080000000, 0x0000000100000000)
  region size 1024K, 2 young (2048K), 2 survivors (2048K)
 Metaspace       used 41963K, committed 42176K, reserved 1089536K
  class space    used 4698K, committed 4800K, reserved 1048576K
}
Event: 3606.176 GC heap before
{Heap before GC invocations=211 (full 0):
 garbage-first heap   total 524288K, used 239433K [0x0000000080000000, 0x0000000100000000)
  region size 1024K, 160 young (163840K), 2 survivors (2048K)
 Metaspace       used 41977K, committed 42176K, reserved 1089536K
  class space    used 4698K, committed 4800K, reserved 1048576K
}
Event: 3606.223 GC heap after
{Heap after GC invocations=212 (full 1):
 garbage-first heap   total 524288K, used 57278K [0x0000000080000000, 0x0000000100000000)
  region size 1024K, 0 young (0K), 0 survivors (0K)
 Metaspace       used 41927K, committed 42176K, reserved 1089536K
  class space    used 4685K, committed 4800K, reserved 1048576K
}
Event: 3606.276 GC heap before
{Heap before GC invocations=212 (full 1):
 garbage-first heap   total 524288K, used 77758K [0x0000000080000000, 0x0000000100000000)
  region size 1024K, 4 young (4096K), 0 survivors (0K)
 Metaspace       used 41962K, committed 42240K, reserved 1089536K
  class space    used 4689K, committed 4800K, reserved 1048576K
}
Event: 3606.308 GC heap after
{Heap after GC invocations=213 (full 2):
 garbage-first heap   total 524288K, used 57280K [0x0000000080000000, 0x0000000100000000)
  region size 1024K, 0 young (0K), 0 survivors (0K)
 Metaspace       used 41962K, committed 42240K, reserved 1089536K
  class space    used 4689K, committed 4800K, reserved 1048576K
}
Event: 3606.308 GC heap before
{Heap before GC invocations=213 (full 2):
 garbage-first heap   total 524288K, used 57280K [0x0000000080000000, 0x0000000100000000)
  region size 1024K, 1 young (1024K), 0 survivors (0K)
 Metaspace       used 41962K, committed 42240K, reserved 1089536K
  class space    used 4689K, committed 4800K, reserved 1048576K
}
Event: 3606.335 GC heap after
{Heap after GC invocations=214 (full 3):
 garbage-first heap   total 524288K, used 57280K [0x0000000080000000, 0x0000000100000000)
  region size 1024K, 0 young (0K), 0 survivors (0K)
 Metaspace       used 41962K, committed 42240K, reserved 1089536K
  class space    used 4689K, committed 4800K, reserved 1048576K
}

